<?xml version="1.0" encoding="UTF-8"?>
<testsuite name="JCxYIS.KartGen3Lib.ExampleUnitTest" tests="1" skipped="0" failures="0" errors="0" timestamp="2018-05-11T07:15:31" hostname="JCYIS-NB14" time="0.001">
  <properties/>
  <testcase name="addition_isCorrect" classname="JCxYIS.KartGen3Lib.ExampleUnitTest" time="0.001"/>
  <system-out><![CDATA[]]></system-out>
  <system-err><![CDATA[]]></system-err>
</testsuite>
